13:48:31.158 DEBUG org.hibernate.validator.messageinterpolation.ResourceBundleMessageInterpolator 89 buildExpressionFactory - Loaded expression factory via original TCCL
13:48:31.166 DEBUG org.hibernate.validator.internal.engine.ValidatorFactoryImpl 578 logValidatorFactoryScopedConfiguration - HV000234: Using org.hibernate.validator.messageinterpolation.ResourceBundleMessageInterpolator as ValidatorFactory-scoped message interpolator.
13:48:31.166 DEBUG org.hibernate.validator.internal.engine.ValidatorFactoryImpl 579 logValidatorFactoryScopedConfiguration - HV000234: Using org.hibernate.validator.internal.engine.resolver.TraverseAllTraversableResolver as ValidatorFactory-scoped traversable resolver.
13:48:31.166 DEBUG org.hibernate.validator.internal.engine.ValidatorFactoryImpl 580 logValidatorFactoryScopedConfiguration - HV000234: Using org.hibernate.validator.internal.util.ExecutableParameterNameProvider as ValidatorFactory-scoped parameter name provider.
13:48:31.167 DEBUG org.hibernate.validator.internal.engine.ValidatorFactoryImpl 581 logValidatorFactoryScopedConfiguration - HV000234: Using org.hibernate.validator.internal.engine.DefaultClockProvider as ValidatorFactory-scoped clock provider.
13:48:31.167 DEBUG org.hibernate.validator.internal.engine.ValidatorFactoryImpl 582 logValidatorFactoryScopedConfiguration - HV000234: Using org.hibernate.validator.internal.engine.scripting.DefaultScriptEvaluatorFactory as ValidatorFactory-scoped script evaluator factory.
13:48:31.220 INFO  org.springframework.boot.StartupInfoLogger 50 logStarting - Starting ProductApiApplication on PC-DF with PID 5676 (D:\WorkspacesIdea\lifeProduct\product-api\target\classes started by Administrator in D:\WorkspacesIdea\lifeProduct)
13:48:31.220 DEBUG org.springframework.boot.StartupInfoLogger 53 logStarting - Running with Spring Boot v2.1.3.RELEASE, Spring v5.1.5.RELEASE
13:48:31.221 INFO  org.springframework.boot.SpringApplication 675 logStartupProfileInfo - No active profile set, falling back to default profiles: default
13:48:32.725 INFO  org.apache.juli.logging.DirectJDKLog 173 log - Initializing ProtocolHandler ["http-nio-8080"]
13:48:32.734 INFO  org.apache.juli.logging.DirectJDKLog 173 log - Starting service [Tomcat]
13:48:32.734 INFO  org.apache.juli.logging.DirectJDKLog 173 log - Starting Servlet engine: [Apache Tomcat/9.0.16]
13:48:32.744 INFO  org.apache.juli.logging.DirectJDKLog 173 log - The APR based Apache Tomcat Native library which allows optimal performance in production environments was not found on the java.library.path: [C:\Program Files\Java\jdk1.8.0_112\bin;C:\Windows\Sun\Java\bin;C:\Windows\system32;C:\Windows;C:\ProgramData\Oracle\Java\javapath;C:\Windows\system32;C:\Windows;C:\Windows\System32\Wbem;C:\Windows\System32\WindowsPowerShell\v1.0\;C:\Program Files\Java\jdk1.8.0_112\bin;C:\Program Files\Java\jdk1.8.0_112\jre\bin;D:\Program Files\TortoiseSVN\bin;C:\Windows\system32\config\systemprofile\.dnx\bin;C:\Program Files\Microsoft DNX\Dnvm\;C:\Program Files\Microsoft SQL Server\120\Tools\Binn\;C:\Program Files\Microsoft SQL Server\130\Tools\Binn\;D:\maven\apache-maven-3.3.9\bin;D:\Program Files (x86)\SSH Communications Security\SSH Secure Shell;E:\adt-bundle-windows-x86-20140624\sdk\platform-tools;.]
13:48:32.850 INFO  org.apache.juli.logging.DirectJDKLog 173 log - Initializing Spring embedded WebApplicationContext
13:48:32.929 DEBUG org.hibernate.validator.internal.engine.resolver.TraversableResolvers 60 getDefault - Cannot find javax.persistence.Persistence on classpath. Assuming non JPA 2 environment. All properties will per default be traversable.
13:48:32.930 DEBUG org.hibernate.validator.messageinterpolation.ResourceBundleMessageInterpolator 89 buildExpressionFactory - Loaded expression factory via original TCCL
13:48:32.931 DEBUG org.hibernate.validator.internal.engine.resolver.TraversableResolvers 60 getDefault - Cannot find javax.persistence.Persistence on classpath. Assuming non JPA 2 environment. All properties will per default be traversable.
13:48:32.932 DEBUG org.hibernate.validator.internal.engine.ConfigurationImpl 148 messageInterpolator - Setting custom MessageInterpolator of type org.springframework.validation.beanvalidation.LocaleContextMessageInterpolator
13:48:32.933 DEBUG org.hibernate.validator.internal.engine.ConfigurationImpl 180 constraintValidatorFactory - Setting custom ConstraintValidatorFactory of type org.springframework.validation.beanvalidation.SpringConstraintValidatorFactory
13:48:32.933 DEBUG org.hibernate.validator.internal.engine.ConfigurationImpl 194 parameterNameProvider - Setting custom ParameterNameProvider of type org.springframework.validation.beanvalidation.LocalValidatorFactoryBean$1
13:48:32.935 DEBUG org.hibernate.validator.internal.xml.config.ValidationXmlParser 120 getValidationXmlInputStream - Trying to load META-INF/validation.xml for XML based Validator configuration.
13:48:32.935 DEBUG org.hibernate.validator.internal.xml.config.ResourceLoaderHelper 53 getResettableInputStreamForPath - Trying to load META-INF/validation.xml via user class loader
13:48:32.936 DEBUG org.hibernate.validator.internal.xml.config.ResourceLoaderHelper 60 getResettableInputStreamForPath - Trying to load META-INF/validation.xml via TCCL
13:48:32.936 DEBUG org.hibernate.validator.internal.xml.config.ResourceLoaderHelper 66 getResettableInputStreamForPath - Trying to load META-INF/validation.xml via Hibernate Validator's class loader
13:48:32.937 DEBUG org.hibernate.validator.internal.xml.config.ValidationXmlParser 127 getValidationXmlInputStream - No META-INF/validation.xml found. Using annotation based configuration only.
13:48:32.945 DEBUG org.hibernate.validator.internal.engine.ValidatorFactoryImpl 578 logValidatorFactoryScopedConfiguration - HV000234: Using org.springframework.validation.beanvalidation.LocaleContextMessageInterpolator as ValidatorFactory-scoped message interpolator.
13:48:32.946 DEBUG org.hibernate.validator.internal.engine.ValidatorFactoryImpl 579 logValidatorFactoryScopedConfiguration - HV000234: Using org.hibernate.validator.internal.engine.resolver.TraverseAllTraversableResolver as ValidatorFactory-scoped traversable resolver.
13:48:32.946 DEBUG org.hibernate.validator.internal.engine.ValidatorFactoryImpl 580 logValidatorFactoryScopedConfiguration - HV000234: Using org.hibernate.validator.internal.util.ExecutableParameterNameProvider as ValidatorFactory-scoped parameter name provider.
13:48:32.946 DEBUG org.hibernate.validator.internal.engine.ValidatorFactoryImpl 581 logValidatorFactoryScopedConfiguration - HV000234: Using org.hibernate.validator.internal.engine.DefaultClockProvider as ValidatorFactory-scoped clock provider.
13:48:32.947 DEBUG org.hibernate.validator.internal.engine.ValidatorFactoryImpl 582 logValidatorFactoryScopedConfiguration - HV000234: Using org.hibernate.validator.internal.engine.scripting.DefaultScriptEvaluatorFactory as ValidatorFactory-scoped script evaluator factory.
13:48:33.524 INFO  org.apache.juli.logging.DirectJDKLog 173 log - Starting ProtocolHandler ["http-nio-8080"]
13:48:33.550 INFO  org.springframework.boot.StartupInfoLogger 59 logStarted - Started ProductApiApplication in 2.678 seconds (JVM running for 3.456)
13:49:26.288 INFO  org.apache.juli.logging.DirectJDKLog 173 log - Initializing Spring DispatcherServlet 'dispatcherServlet'
13:49:54.414 DEBUG org.hibernate.validator.messageinterpolation.ResourceBundleMessageInterpolator 89 buildExpressionFactory - Loaded expression factory via original TCCL
13:49:54.418 INFO  org.springframework.boot.StartupInfoLogger 50 logStarting - Starting ProductApiApplication on PC-DF with PID 5652 (D:\WorkspacesIdea\lifeProduct\product-api\target\classes started by Administrator in D:\WorkspacesIdea\lifeProduct)
13:49:54.420 DEBUG org.springframework.boot.StartupInfoLogger 53 logStarting - Running with Spring Boot v2.1.3.RELEASE, Spring v5.1.5.RELEASE
13:49:54.421 INFO  org.springframework.boot.SpringApplication 675 logStartupProfileInfo - No active profile set, falling back to default profiles: default
13:49:54.426 DEBUG org.hibernate.validator.internal.engine.ValidatorFactoryImpl 578 logValidatorFactoryScopedConfiguration - HV000234: Using org.hibernate.validator.messageinterpolation.ResourceBundleMessageInterpolator as ValidatorFactory-scoped message interpolator.
13:49:54.427 DEBUG org.hibernate.validator.internal.engine.ValidatorFactoryImpl 579 logValidatorFactoryScopedConfiguration - HV000234: Using org.hibernate.validator.internal.engine.resolver.TraverseAllTraversableResolver as ValidatorFactory-scoped traversable resolver.
13:49:54.427 DEBUG org.hibernate.validator.internal.engine.ValidatorFactoryImpl 580 logValidatorFactoryScopedConfiguration - HV000234: Using org.hibernate.validator.internal.util.ExecutableParameterNameProvider as ValidatorFactory-scoped parameter name provider.
13:49:54.427 DEBUG org.hibernate.validator.internal.engine.ValidatorFactoryImpl 581 logValidatorFactoryScopedConfiguration - HV000234: Using org.hibernate.validator.internal.engine.DefaultClockProvider as ValidatorFactory-scoped clock provider.
13:49:54.427 DEBUG org.hibernate.validator.internal.engine.ValidatorFactoryImpl 582 logValidatorFactoryScopedConfiguration - HV000234: Using org.hibernate.validator.internal.engine.scripting.DefaultScriptEvaluatorFactory as ValidatorFactory-scoped script evaluator factory.
13:49:56.244 INFO  org.apache.juli.logging.DirectJDKLog 173 log - Initializing ProtocolHandler ["http-nio-8080"]
13:49:56.253 INFO  org.apache.juli.logging.DirectJDKLog 173 log - Starting service [Tomcat]
13:49:56.254 INFO  org.apache.juli.logging.DirectJDKLog 173 log - Starting Servlet engine: [Apache Tomcat/9.0.16]
13:49:56.266 INFO  org.apache.juli.logging.DirectJDKLog 173 log - The APR based Apache Tomcat Native library which allows optimal performance in production environments was not found on the java.library.path: [C:\Program Files\Java\jdk1.8.0_112\bin;C:\Windows\Sun\Java\bin;C:\Windows\system32;C:\Windows;C:\ProgramData\Oracle\Java\javapath;C:\Windows\system32;C:\Windows;C:\Windows\System32\Wbem;C:\Windows\System32\WindowsPowerShell\v1.0\;C:\Program Files\Java\jdk1.8.0_112\bin;C:\Program Files\Java\jdk1.8.0_112\jre\bin;D:\Program Files\TortoiseSVN\bin;C:\Windows\system32\config\systemprofile\.dnx\bin;C:\Program Files\Microsoft DNX\Dnvm\;C:\Program Files\Microsoft SQL Server\120\Tools\Binn\;C:\Program Files\Microsoft SQL Server\130\Tools\Binn\;D:\maven\apache-maven-3.3.9\bin;D:\Program Files (x86)\SSH Communications Security\SSH Secure Shell;E:\adt-bundle-windows-x86-20140624\sdk\platform-tools;.]
13:49:56.368 INFO  org.apache.juli.logging.DirectJDKLog 173 log - Initializing Spring embedded WebApplicationContext
13:49:56.454 DEBUG org.hibernate.validator.internal.engine.resolver.TraversableResolvers 60 getDefault - Cannot find javax.persistence.Persistence on classpath. Assuming non JPA 2 environment. All properties will per default be traversable.
13:49:56.454 DEBUG org.hibernate.validator.messageinterpolation.ResourceBundleMessageInterpolator 89 buildExpressionFactory - Loaded expression factory via original TCCL
13:49:56.456 DEBUG org.hibernate.validator.internal.engine.resolver.TraversableResolvers 60 getDefault - Cannot find javax.persistence.Persistence on classpath. Assuming non JPA 2 environment. All properties will per default be traversable.
13:49:56.457 DEBUG org.hibernate.validator.internal.engine.ConfigurationImpl 148 messageInterpolator - Setting custom MessageInterpolator of type org.springframework.validation.beanvalidation.LocaleContextMessageInterpolator
13:49:56.457 DEBUG org.hibernate.validator.internal.engine.ConfigurationImpl 180 constraintValidatorFactory - Setting custom ConstraintValidatorFactory of type org.springframework.validation.beanvalidation.SpringConstraintValidatorFactory
13:49:56.458 DEBUG org.hibernate.validator.internal.engine.ConfigurationImpl 194 parameterNameProvider - Setting custom ParameterNameProvider of type org.springframework.validation.beanvalidation.LocalValidatorFactoryBean$1
13:49:56.459 DEBUG org.hibernate.validator.internal.xml.config.ValidationXmlParser 120 getValidationXmlInputStream - Trying to load META-INF/validation.xml for XML based Validator configuration.
13:49:56.460 DEBUG org.hibernate.validator.internal.xml.config.ResourceLoaderHelper 53 getResettableInputStreamForPath - Trying to load META-INF/validation.xml via user class loader
13:49:56.460 DEBUG org.hibernate.validator.internal.xml.config.ResourceLoaderHelper 60 getResettableInputStreamForPath - Trying to load META-INF/validation.xml via TCCL
13:49:56.460 DEBUG org.hibernate.validator.internal.xml.config.ResourceLoaderHelper 66 getResettableInputStreamForPath - Trying to load META-INF/validation.xml via Hibernate Validator's class loader
13:49:56.460 DEBUG org.hibernate.validator.internal.xml.config.ValidationXmlParser 127 getValidationXmlInputStream - No META-INF/validation.xml found. Using annotation based configuration only.
13:49:56.469 DEBUG org.hibernate.validator.internal.engine.ValidatorFactoryImpl 578 logValidatorFactoryScopedConfiguration - HV000234: Using org.springframework.validation.beanvalidation.LocaleContextMessageInterpolator as ValidatorFactory-scoped message interpolator.
13:49:56.470 DEBUG org.hibernate.validator.internal.engine.ValidatorFactoryImpl 579 logValidatorFactoryScopedConfiguration - HV000234: Using org.hibernate.validator.internal.engine.resolver.TraverseAllTraversableResolver as ValidatorFactory-scoped traversable resolver.
13:49:56.470 DEBUG org.hibernate.validator.internal.engine.ValidatorFactoryImpl 580 logValidatorFactoryScopedConfiguration - HV000234: Using org.hibernate.validator.internal.util.ExecutableParameterNameProvider as ValidatorFactory-scoped parameter name provider.
13:49:56.470 DEBUG org.hibernate.validator.internal.engine.ValidatorFactoryImpl 581 logValidatorFactoryScopedConfiguration - HV000234: Using org.hibernate.validator.internal.engine.DefaultClockProvider as ValidatorFactory-scoped clock provider.
13:49:56.470 DEBUG org.hibernate.validator.internal.engine.ValidatorFactoryImpl 582 logValidatorFactoryScopedConfiguration - HV000234: Using org.hibernate.validator.internal.engine.scripting.DefaultScriptEvaluatorFactory as ValidatorFactory-scoped script evaluator factory.
13:49:57.187 INFO  org.apache.juli.logging.DirectJDKLog 173 log - Starting ProtocolHandler ["http-nio-8080"]
13:49:57.222 INFO  org.springframework.boot.StartupInfoLogger 59 logStarted - Started ProductApiApplication in 3.076 seconds (JVM running for 4.509)
13:50:04.603 INFO  org.apache.juli.logging.DirectJDKLog 173 log - Initializing Spring DispatcherServlet 'dispatcherServlet'
14:00:56.938 INFO  org.springframework.boot.StartupInfoLogger 50 logStarting - Starting ProductApiApplication on PC-DF with PID 2528 (D:\WorkspacesIdea\lifeProduct\product-api\target\classes started by Administrator in D:\WorkspacesIdea\lifeProduct)
14:00:56.945 DEBUG org.springframework.boot.StartupInfoLogger 53 logStarting - Running with Spring Boot v2.1.3.RELEASE, Spring v5.1.5.RELEASE
14:00:56.946 INFO  org.springframework.boot.SpringApplication 675 logStartupProfileInfo - No active profile set, falling back to default profiles: default
14:00:57.255 DEBUG org.hibernate.validator.messageinterpolation.ResourceBundleMessageInterpolator 89 buildExpressionFactory - Loaded expression factory via original TCCL
14:00:57.261 DEBUG org.hibernate.validator.internal.engine.ValidatorFactoryImpl 578 logValidatorFactoryScopedConfiguration - HV000234: Using org.hibernate.validator.messageinterpolation.ResourceBundleMessageInterpolator as ValidatorFactory-scoped message interpolator.
14:00:57.261 DEBUG org.hibernate.validator.internal.engine.ValidatorFactoryImpl 579 logValidatorFactoryScopedConfiguration - HV000234: Using org.hibernate.validator.internal.engine.resolver.TraverseAllTraversableResolver as ValidatorFactory-scoped traversable resolver.
14:00:57.261 DEBUG org.hibernate.validator.internal.engine.ValidatorFactoryImpl 580 logValidatorFactoryScopedConfiguration - HV000234: Using org.hibernate.validator.internal.util.ExecutableParameterNameProvider as ValidatorFactory-scoped parameter name provider.
14:00:57.261 DEBUG org.hibernate.validator.internal.engine.ValidatorFactoryImpl 581 logValidatorFactoryScopedConfiguration - HV000234: Using org.hibernate.validator.internal.engine.DefaultClockProvider as ValidatorFactory-scoped clock provider.
14:00:57.261 DEBUG org.hibernate.validator.internal.engine.ValidatorFactoryImpl 582 logValidatorFactoryScopedConfiguration - HV000234: Using org.hibernate.validator.internal.engine.scripting.DefaultScriptEvaluatorFactory as ValidatorFactory-scoped script evaluator factory.
14:00:58.709 INFO  org.apache.juli.logging.DirectJDKLog 173 log - Initializing ProtocolHandler ["http-nio-8080"]
14:00:58.718 INFO  org.apache.juli.logging.DirectJDKLog 173 log - Starting service [Tomcat]
14:00:58.719 INFO  org.apache.juli.logging.DirectJDKLog 173 log - Starting Servlet engine: [Apache Tomcat/9.0.16]
14:00:58.731 INFO  org.apache.juli.logging.DirectJDKLog 173 log - The APR based Apache Tomcat Native library which allows optimal performance in production environments was not found on the java.library.path: [C:\Program Files\Java\jdk1.8.0_112\bin;C:\Windows\Sun\Java\bin;C:\Windows\system32;C:\Windows;C:\ProgramData\Oracle\Java\javapath;C:\Windows\system32;C:\Windows;C:\Windows\System32\Wbem;C:\Windows\System32\WindowsPowerShell\v1.0\;C:\Program Files\Java\jdk1.8.0_112\bin;C:\Program Files\Java\jdk1.8.0_112\jre\bin;D:\Program Files\TortoiseSVN\bin;C:\Windows\system32\config\systemprofile\.dnx\bin;C:\Program Files\Microsoft DNX\Dnvm\;C:\Program Files\Microsoft SQL Server\120\Tools\Binn\;C:\Program Files\Microsoft SQL Server\130\Tools\Binn\;D:\maven\apache-maven-3.3.9\bin;D:\Program Files (x86)\SSH Communications Security\SSH Secure Shell;E:\adt-bundle-windows-x86-20140624\sdk\platform-tools;.]
14:00:58.841 INFO  org.apache.juli.logging.DirectJDKLog 173 log - Initializing Spring embedded WebApplicationContext
14:00:58.922 DEBUG org.hibernate.validator.internal.engine.resolver.TraversableResolvers 60 getDefault - Cannot find javax.persistence.Persistence on classpath. Assuming non JPA 2 environment. All properties will per default be traversable.
14:00:58.923 DEBUG org.hibernate.validator.messageinterpolation.ResourceBundleMessageInterpolator 89 buildExpressionFactory - Loaded expression factory via original TCCL
14:00:58.925 DEBUG org.hibernate.validator.internal.engine.resolver.TraversableResolvers 60 getDefault - Cannot find javax.persistence.Persistence on classpath. Assuming non JPA 2 environment. All properties will per default be traversable.
14:00:58.926 DEBUG org.hibernate.validator.internal.engine.ConfigurationImpl 148 messageInterpolator - Setting custom MessageInterpolator of type org.springframework.validation.beanvalidation.LocaleContextMessageInterpolator
14:00:58.927 DEBUG org.hibernate.validator.internal.engine.ConfigurationImpl 180 constraintValidatorFactory - Setting custom ConstraintValidatorFactory of type org.springframework.validation.beanvalidation.SpringConstraintValidatorFactory
14:00:58.928 DEBUG org.hibernate.validator.internal.engine.ConfigurationImpl 194 parameterNameProvider - Setting custom ParameterNameProvider of type org.springframework.validation.beanvalidation.LocalValidatorFactoryBean$1
14:00:58.929 DEBUG org.hibernate.validator.internal.xml.config.ValidationXmlParser 120 getValidationXmlInputStream - Trying to load META-INF/validation.xml for XML based Validator configuration.
14:00:58.930 DEBUG org.hibernate.validator.internal.xml.config.ResourceLoaderHelper 53 getResettableInputStreamForPath - Trying to load META-INF/validation.xml via user class loader
14:00:58.930 DEBUG org.hibernate.validator.internal.xml.config.ResourceLoaderHelper 60 getResettableInputStreamForPath - Trying to load META-INF/validation.xml via TCCL
14:00:58.931 DEBUG org.hibernate.validator.internal.xml.config.ResourceLoaderHelper 66 getResettableInputStreamForPath - Trying to load META-INF/validation.xml via Hibernate Validator's class loader
14:00:58.931 DEBUG org.hibernate.validator.internal.xml.config.ValidationXmlParser 127 getValidationXmlInputStream - No META-INF/validation.xml found. Using annotation based configuration only.
14:00:58.935 DEBUG org.hibernate.validator.internal.engine.ValidatorFactoryImpl 578 logValidatorFactoryScopedConfiguration - HV000234: Using org.springframework.validation.beanvalidation.LocaleContextMessageInterpolator as ValidatorFactory-scoped message interpolator.
14:00:58.935 DEBUG org.hibernate.validator.internal.engine.ValidatorFactoryImpl 579 logValidatorFactoryScopedConfiguration - HV000234: Using org.hibernate.validator.internal.engine.resolver.TraverseAllTraversableResolver as ValidatorFactory-scoped traversable resolver.
14:00:58.936 DEBUG org.hibernate.validator.internal.engine.ValidatorFactoryImpl 580 logValidatorFactoryScopedConfiguration - HV000234: Using org.hibernate.validator.internal.util.ExecutableParameterNameProvider as ValidatorFactory-scoped parameter name provider.
14:00:58.936 DEBUG org.hibernate.validator.internal.engine.ValidatorFactoryImpl 581 logValidatorFactoryScopedConfiguration - HV000234: Using org.hibernate.validator.internal.engine.DefaultClockProvider as ValidatorFactory-scoped clock provider.
14:00:58.936 DEBUG org.hibernate.validator.internal.engine.ValidatorFactoryImpl 582 logValidatorFactoryScopedConfiguration - HV000234: Using org.hibernate.validator.internal.engine.scripting.DefaultScriptEvaluatorFactory as ValidatorFactory-scoped script evaluator factory.
14:00:59.529 INFO  org.apache.juli.logging.DirectJDKLog 173 log - Starting ProtocolHandler ["http-nio-8080"]
14:00:59.555 INFO  org.springframework.boot.StartupInfoLogger 59 logStarted - Started ProductApiApplication in 2.947 seconds (JVM running for 3.768)
14:01:13.012 INFO  org.apache.juli.logging.DirectJDKLog 173 log - Initializing Spring DispatcherServlet 'dispatcherServlet'
14:38:34.605 DEBUG org.hibernate.validator.messageinterpolation.ResourceBundleMessageInterpolator 89 buildExpressionFactory - Loaded expression factory via original TCCL
14:38:34.619 INFO  org.springframework.boot.StartupInfoLogger 50 logStarting - Starting ProductApiApplication on PC-DF with PID 2160 (D:\WorkspacesIdea\lifeProduct\product-api\target\classes started by Administrator in D:\WorkspacesIdea\lifeProduct)
14:38:34.619 DEBUG org.hibernate.validator.internal.engine.ValidatorFactoryImpl 578 logValidatorFactoryScopedConfiguration - HV000234: Using org.hibernate.validator.messageinterpolation.ResourceBundleMessageInterpolator as ValidatorFactory-scoped message interpolator.
14:38:34.620 DEBUG org.hibernate.validator.internal.engine.ValidatorFactoryImpl 579 logValidatorFactoryScopedConfiguration - HV000234: Using org.hibernate.validator.internal.engine.resolver.TraverseAllTraversableResolver as ValidatorFactory-scoped traversable resolver.
14:38:34.620 DEBUG org.hibernate.validator.internal.engine.ValidatorFactoryImpl 580 logValidatorFactoryScopedConfiguration - HV000234: Using org.hibernate.validator.internal.util.ExecutableParameterNameProvider as ValidatorFactory-scoped parameter name provider.
14:38:34.620 DEBUG org.springframework.boot.StartupInfoLogger 53 logStarting - Running with Spring Boot v2.1.3.RELEASE, Spring v5.1.5.RELEASE
14:38:34.620 DEBUG org.hibernate.validator.internal.engine.ValidatorFactoryImpl 581 logValidatorFactoryScopedConfiguration - HV000234: Using org.hibernate.validator.internal.engine.DefaultClockProvider as ValidatorFactory-scoped clock provider.
14:38:34.620 DEBUG org.hibernate.validator.internal.engine.ValidatorFactoryImpl 582 logValidatorFactoryScopedConfiguration - HV000234: Using org.hibernate.validator.internal.engine.scripting.DefaultScriptEvaluatorFactory as ValidatorFactory-scoped script evaluator factory.
14:38:34.621 INFO  org.springframework.boot.SpringApplication 675 logStartupProfileInfo - No active profile set, falling back to default profiles: default
14:38:36.550 INFO  org.apache.juli.logging.DirectJDKLog 173 log - Initializing ProtocolHandler ["http-nio-8080"]
14:38:36.560 INFO  org.apache.juli.logging.DirectJDKLog 173 log - Starting service [Tomcat]
14:38:36.561 INFO  org.apache.juli.logging.DirectJDKLog 173 log - Starting Servlet engine: [Apache Tomcat/9.0.16]
14:38:36.573 INFO  org.apache.juli.logging.DirectJDKLog 173 log - The APR based Apache Tomcat Native library which allows optimal performance in production environments was not found on the java.library.path: [C:\Program Files\Java\jdk1.8.0_112\bin;C:\Windows\Sun\Java\bin;C:\Windows\system32;C:\Windows;C:\ProgramData\Oracle\Java\javapath;C:\Windows\system32;C:\Windows;C:\Windows\System32\Wbem;C:\Windows\System32\WindowsPowerShell\v1.0\;C:\Program Files\Java\jdk1.8.0_112\bin;C:\Program Files\Java\jdk1.8.0_112\jre\bin;D:\Program Files\TortoiseSVN\bin;C:\Windows\system32\config\systemprofile\.dnx\bin;C:\Program Files\Microsoft DNX\Dnvm\;C:\Program Files\Microsoft SQL Server\120\Tools\Binn\;C:\Program Files\Microsoft SQL Server\130\Tools\Binn\;D:\maven\apache-maven-3.3.9\bin;D:\Program Files (x86)\SSH Communications Security\SSH Secure Shell;E:\adt-bundle-windows-x86-20140624\sdk\platform-tools;.]
14:38:36.683 INFO  org.apache.juli.logging.DirectJDKLog 173 log - Initializing Spring embedded WebApplicationContext
14:38:36.772 DEBUG org.hibernate.validator.internal.engine.resolver.TraversableResolvers 60 getDefault - Cannot find javax.persistence.Persistence on classpath. Assuming non JPA 2 environment. All properties will per default be traversable.
14:38:36.773 DEBUG org.hibernate.validator.messageinterpolation.ResourceBundleMessageInterpolator 89 buildExpressionFactory - Loaded expression factory via original TCCL
14:38:36.775 DEBUG org.hibernate.validator.internal.engine.resolver.TraversableResolvers 60 getDefault - Cannot find javax.persistence.Persistence on classpath. Assuming non JPA 2 environment. All properties will per default be traversable.
14:38:36.776 DEBUG org.hibernate.validator.internal.engine.ConfigurationImpl 148 messageInterpolator - Setting custom MessageInterpolator of type org.springframework.validation.beanvalidation.LocaleContextMessageInterpolator
14:38:36.777 DEBUG org.hibernate.validator.internal.engine.ConfigurationImpl 180 constraintValidatorFactory - Setting custom ConstraintValidatorFactory of type org.springframework.validation.beanvalidation.SpringConstraintValidatorFactory
14:38:36.778 DEBUG org.hibernate.validator.internal.engine.ConfigurationImpl 194 parameterNameProvider - Setting custom ParameterNameProvider of type org.springframework.validation.beanvalidation.LocalValidatorFactoryBean$1
14:38:36.781 DEBUG org.hibernate.validator.internal.xml.config.ValidationXmlParser 120 getValidationXmlInputStream - Trying to load META-INF/validation.xml for XML based Validator configuration.
14:38:36.781 DEBUG org.hibernate.validator.internal.xml.config.ResourceLoaderHelper 53 getResettableInputStreamForPath - Trying to load META-INF/validation.xml via user class loader
14:38:36.782 DEBUG org.hibernate.validator.internal.xml.config.ResourceLoaderHelper 60 getResettableInputStreamForPath - Trying to load META-INF/validation.xml via TCCL
14:38:36.782 DEBUG org.hibernate.validator.internal.xml.config.ResourceLoaderHelper 66 getResettableInputStreamForPath - Trying to load META-INF/validation.xml via Hibernate Validator's class loader
14:38:36.783 DEBUG org.hibernate.validator.internal.xml.config.ValidationXmlParser 127 getValidationXmlInputStream - No META-INF/validation.xml found. Using annotation based configuration only.
14:38:36.787 DEBUG org.hibernate.validator.internal.engine.ValidatorFactoryImpl 578 logValidatorFactoryScopedConfiguration - HV000234: Using org.springframework.validation.beanvalidation.LocaleContextMessageInterpolator as ValidatorFactory-scoped message interpolator.
14:38:36.788 DEBUG org.hibernate.validator.internal.engine.ValidatorFactoryImpl 579 logValidatorFactoryScopedConfiguration - HV000234: Using org.hibernate.validator.internal.engine.resolver.TraverseAllTraversableResolver as ValidatorFactory-scoped traversable resolver.
14:38:36.788 DEBUG org.hibernate.validator.internal.engine.ValidatorFactoryImpl 580 logValidatorFactoryScopedConfiguration - HV000234: Using org.hibernate.validator.internal.util.ExecutableParameterNameProvider as ValidatorFactory-scoped parameter name provider.
14:38:36.788 DEBUG org.hibernate.validator.internal.engine.ValidatorFactoryImpl 581 logValidatorFactoryScopedConfiguration - HV000234: Using org.hibernate.validator.internal.engine.DefaultClockProvider as ValidatorFactory-scoped clock provider.
14:38:36.788 DEBUG org.hibernate.validator.internal.engine.ValidatorFactoryImpl 582 logValidatorFactoryScopedConfiguration - HV000234: Using org.hibernate.validator.internal.engine.scripting.DefaultScriptEvaluatorFactory as ValidatorFactory-scoped script evaluator factory.
14:38:37.470 INFO  org.apache.juli.logging.DirectJDKLog 173 log - Starting ProtocolHandler ["http-nio-8080"]
14:38:37.497 INFO  org.springframework.boot.StartupInfoLogger 59 logStarted - Started ProductApiApplication in 3.29 seconds (JVM running for 4.141)
14:38:45.992 INFO  org.apache.juli.logging.DirectJDKLog 173 log - Initializing Spring DispatcherServlet 'dispatcherServlet'
14:45:02.648 DEBUG org.hibernate.validator.messageinterpolation.ResourceBundleMessageInterpolator 89 buildExpressionFactory - Loaded expression factory via original TCCL
14:45:02.660 DEBUG org.hibernate.validator.internal.engine.ValidatorFactoryImpl 578 logValidatorFactoryScopedConfiguration - HV000234: Using org.hibernate.validator.messageinterpolation.ResourceBundleMessageInterpolator as ValidatorFactory-scoped message interpolator.
14:45:02.661 DEBUG org.hibernate.validator.internal.engine.ValidatorFactoryImpl 579 logValidatorFactoryScopedConfiguration - HV000234: Using org.hibernate.validator.internal.engine.resolver.TraverseAllTraversableResolver as ValidatorFactory-scoped traversable resolver.
14:45:02.661 DEBUG org.hibernate.validator.internal.engine.ValidatorFactoryImpl 580 logValidatorFactoryScopedConfiguration - HV000234: Using org.hibernate.validator.internal.util.ExecutableParameterNameProvider as ValidatorFactory-scoped parameter name provider.
14:45:02.661 DEBUG org.hibernate.validator.internal.engine.ValidatorFactoryImpl 581 logValidatorFactoryScopedConfiguration - HV000234: Using org.hibernate.validator.internal.engine.DefaultClockProvider as ValidatorFactory-scoped clock provider.
14:45:02.661 DEBUG org.hibernate.validator.internal.engine.ValidatorFactoryImpl 582 logValidatorFactoryScopedConfiguration - HV000234: Using org.hibernate.validator.internal.engine.scripting.DefaultScriptEvaluatorFactory as ValidatorFactory-scoped script evaluator factory.
14:45:02.670 INFO  org.springframework.boot.StartupInfoLogger 50 logStarting - Starting ProductApiApplication on PC-DF with PID 5668 (D:\WorkspacesIdea\lifeProduct\product-api\target\classes started by Administrator in D:\WorkspacesIdea\lifeProduct)
14:45:02.671 DEBUG org.springframework.boot.StartupInfoLogger 53 logStarting - Running with Spring Boot v2.1.3.RELEASE, Spring v5.1.5.RELEASE
14:45:02.672 INFO  org.springframework.boot.SpringApplication 675 logStartupProfileInfo - No active profile set, falling back to default profiles: default
14:45:04.399 INFO  org.apache.juli.logging.DirectJDKLog 173 log - Initializing ProtocolHandler ["http-nio-8080"]
14:45:04.409 INFO  org.apache.juli.logging.DirectJDKLog 173 log - Starting service [Tomcat]
14:45:04.410 INFO  org.apache.juli.logging.DirectJDKLog 173 log - Starting Servlet engine: [Apache Tomcat/9.0.16]
14:45:04.421 INFO  org.apache.juli.logging.DirectJDKLog 173 log - The APR based Apache Tomcat Native library which allows optimal performance in production environments was not found on the java.library.path: [C:\Program Files\Java\jdk1.8.0_112\bin;C:\Windows\Sun\Java\bin;C:\Windows\system32;C:\Windows;C:\ProgramData\Oracle\Java\javapath;C:\Windows\system32;C:\Windows;C:\Windows\System32\Wbem;C:\Windows\System32\WindowsPowerShell\v1.0\;C:\Program Files\Java\jdk1.8.0_112\bin;C:\Program Files\Java\jdk1.8.0_112\jre\bin;D:\Program Files\TortoiseSVN\bin;C:\Windows\system32\config\systemprofile\.dnx\bin;C:\Program Files\Microsoft DNX\Dnvm\;C:\Program Files\Microsoft SQL Server\120\Tools\Binn\;C:\Program Files\Microsoft SQL Server\130\Tools\Binn\;D:\maven\apache-maven-3.3.9\bin;D:\Program Files (x86)\SSH Communications Security\SSH Secure Shell;E:\adt-bundle-windows-x86-20140624\sdk\platform-tools;.]
14:45:04.532 INFO  org.apache.juli.logging.DirectJDKLog 173 log - Initializing Spring embedded WebApplicationContext
14:45:04.614 DEBUG org.hibernate.validator.internal.engine.resolver.TraversableResolvers 60 getDefault - Cannot find javax.persistence.Persistence on classpath. Assuming non JPA 2 environment. All properties will per default be traversable.
14:45:04.614 DEBUG org.hibernate.validator.messageinterpolation.ResourceBundleMessageInterpolator 89 buildExpressionFactory - Loaded expression factory via original TCCL
14:45:04.616 DEBUG org.hibernate.validator.internal.engine.resolver.TraversableResolvers 60 getDefault - Cannot find javax.persistence.Persistence on classpath. Assuming non JPA 2 environment. All properties will per default be traversable.
14:45:04.616 DEBUG org.hibernate.validator.internal.engine.ConfigurationImpl 148 messageInterpolator - Setting custom MessageInterpolator of type org.springframework.validation.beanvalidation.LocaleContextMessageInterpolator
14:45:04.617 DEBUG org.hibernate.validator.internal.engine.ConfigurationImpl 180 constraintValidatorFactory - Setting custom ConstraintValidatorFactory of type org.springframework.validation.beanvalidation.SpringConstraintValidatorFactory
14:45:04.617 DEBUG org.hibernate.validator.internal.engine.ConfigurationImpl 194 parameterNameProvider - Setting custom ParameterNameProvider of type org.springframework.validation.beanvalidation.LocalValidatorFactoryBean$1
14:45:04.619 DEBUG org.hibernate.validator.internal.xml.config.ValidationXmlParser 120 getValidationXmlInputStream - Trying to load META-INF/validation.xml for XML based Validator configuration.
14:45:04.619 DEBUG org.hibernate.validator.internal.xml.config.ResourceLoaderHelper 53 getResettableInputStreamForPath - Trying to load META-INF/validation.xml via user class loader
14:45:04.619 DEBUG org.hibernate.validator.internal.xml.config.ResourceLoaderHelper 60 getResettableInputStreamForPath - Trying to load META-INF/validation.xml via TCCL
14:45:04.620 DEBUG org.hibernate.validator.internal.xml.config.ResourceLoaderHelper 66 getResettableInputStreamForPath - Trying to load META-INF/validation.xml via Hibernate Validator's class loader
14:45:04.620 DEBUG org.hibernate.validator.internal.xml.config.ValidationXmlParser 127 getValidationXmlInputStream - No META-INF/validation.xml found. Using annotation based configuration only.
14:45:04.625 DEBUG org.hibernate.validator.internal.engine.ValidatorFactoryImpl 578 logValidatorFactoryScopedConfiguration - HV000234: Using org.springframework.validation.beanvalidation.LocaleContextMessageInterpolator as ValidatorFactory-scoped message interpolator.
14:45:04.625 DEBUG org.hibernate.validator.internal.engine.ValidatorFactoryImpl 579 logValidatorFactoryScopedConfiguration - HV000234: Using org.hibernate.validator.internal.engine.resolver.TraverseAllTraversableResolver as ValidatorFactory-scoped traversable resolver.
14:45:04.626 DEBUG org.hibernate.validator.internal.engine.ValidatorFactoryImpl 580 logValidatorFactoryScopedConfiguration - HV000234: Using org.hibernate.validator.internal.util.ExecutableParameterNameProvider as ValidatorFactory-scoped parameter name provider.
14:45:04.626 DEBUG org.hibernate.validator.internal.engine.ValidatorFactoryImpl 581 logValidatorFactoryScopedConfiguration - HV000234: Using org.hibernate.validator.internal.engine.DefaultClockProvider as ValidatorFactory-scoped clock provider.
14:45:04.626 DEBUG org.hibernate.validator.internal.engine.ValidatorFactoryImpl 582 logValidatorFactoryScopedConfiguration - HV000234: Using org.hibernate.validator.internal.engine.scripting.DefaultScriptEvaluatorFactory as ValidatorFactory-scoped script evaluator factory.
14:45:05.277 INFO  org.apache.juli.logging.DirectJDKLog 173 log - Starting ProtocolHandler ["http-nio-8080"]
14:45:05.386 INFO  org.springframework.boot.StartupInfoLogger 59 logStarted - Started ProductApiApplication in 3.156 seconds (JVM running for 4.015)
14:45:10.098 INFO  org.apache.juli.logging.DirectJDKLog 173 log - Initializing Spring DispatcherServlet 'dispatcherServlet'
14:54:59.130 INFO  org.springframework.boot.StartupInfoLogger 50 logStarting - Starting ProductApiApplication on PC-DF with PID 4260 (D:\WorkspacesIdea\lifeProduct\product-api\target\classes started by Administrator in D:\WorkspacesIdea\lifeProduct)
14:54:59.135 DEBUG org.springframework.boot.StartupInfoLogger 53 logStarting - Running with Spring Boot v2.1.3.RELEASE, Spring v5.1.5.RELEASE
14:54:59.136 INFO  org.springframework.boot.SpringApplication 675 logStartupProfileInfo - No active profile set, falling back to default profiles: default
14:54:59.173 DEBUG org.hibernate.validator.messageinterpolation.ResourceBundleMessageInterpolator 89 buildExpressionFactory - Loaded expression factory via original TCCL
14:54:59.179 DEBUG org.hibernate.validator.internal.engine.ValidatorFactoryImpl 578 logValidatorFactoryScopedConfiguration - HV000234: Using org.hibernate.validator.messageinterpolation.ResourceBundleMessageInterpolator as ValidatorFactory-scoped message interpolator.
14:54:59.180 DEBUG org.hibernate.validator.internal.engine.ValidatorFactoryImpl 579 logValidatorFactoryScopedConfiguration - HV000234: Using org.hibernate.validator.internal.engine.resolver.TraverseAllTraversableResolver as ValidatorFactory-scoped traversable resolver.
14:54:59.180 DEBUG org.hibernate.validator.internal.engine.ValidatorFactoryImpl 580 logValidatorFactoryScopedConfiguration - HV000234: Using org.hibernate.validator.internal.util.ExecutableParameterNameProvider as ValidatorFactory-scoped parameter name provider.
14:54:59.180 DEBUG org.hibernate.validator.internal.engine.ValidatorFactoryImpl 581 logValidatorFactoryScopedConfiguration - HV000234: Using org.hibernate.validator.internal.engine.DefaultClockProvider as ValidatorFactory-scoped clock provider.
14:54:59.180 DEBUG org.hibernate.validator.internal.engine.ValidatorFactoryImpl 582 logValidatorFactoryScopedConfiguration - HV000234: Using org.hibernate.validator.internal.engine.scripting.DefaultScriptEvaluatorFactory as ValidatorFactory-scoped script evaluator factory.
14:55:00.994 INFO  org.apache.juli.logging.DirectJDKLog 173 log - Initializing ProtocolHandler ["http-nio-8080"]
14:55:01.006 INFO  org.apache.juli.logging.DirectJDKLog 173 log - Starting service [Tomcat]
14:55:01.007 INFO  org.apache.juli.logging.DirectJDKLog 173 log - Starting Servlet engine: [Apache Tomcat/9.0.16]
14:55:01.022 INFO  org.apache.juli.logging.DirectJDKLog 173 log - The APR based Apache Tomcat Native library which allows optimal performance in production environments was not found on the java.library.path: [C:\Program Files\Java\jdk1.8.0_112\bin;C:\Windows\Sun\Java\bin;C:\Windows\system32;C:\Windows;C:\ProgramData\Oracle\Java\javapath;C:\Windows\system32;C:\Windows;C:\Windows\System32\Wbem;C:\Windows\System32\WindowsPowerShell\v1.0\;C:\Program Files\Java\jdk1.8.0_112\bin;C:\Program Files\Java\jdk1.8.0_112\jre\bin;D:\Program Files\TortoiseSVN\bin;C:\Windows\system32\config\systemprofile\.dnx\bin;C:\Program Files\Microsoft DNX\Dnvm\;C:\Program Files\Microsoft SQL Server\120\Tools\Binn\;C:\Program Files\Microsoft SQL Server\130\Tools\Binn\;D:\maven\apache-maven-3.3.9\bin;D:\Program Files (x86)\SSH Communications Security\SSH Secure Shell;E:\adt-bundle-windows-x86-20140624\sdk\platform-tools;.]
14:55:01.130 INFO  org.apache.juli.logging.DirectJDKLog 173 log - Initializing Spring embedded WebApplicationContext
14:55:01.226 DEBUG org.hibernate.validator.internal.engine.resolver.TraversableResolvers 60 getDefault - Cannot find javax.persistence.Persistence on classpath. Assuming non JPA 2 environment. All properties will per default be traversable.
14:55:01.227 DEBUG org.hibernate.validator.messageinterpolation.ResourceBundleMessageInterpolator 89 buildExpressionFactory - Loaded expression factory via original TCCL
14:55:01.230 DEBUG org.hibernate.validator.internal.engine.resolver.TraversableResolvers 60 getDefault - Cannot find javax.persistence.Persistence on classpath. Assuming non JPA 2 environment. All properties will per default be traversable.
14:55:01.232 DEBUG org.hibernate.validator.internal.engine.ConfigurationImpl 148 messageInterpolator - Setting custom MessageInterpolator of type org.springframework.validation.beanvalidation.LocaleContextMessageInterpolator
14:55:01.233 DEBUG org.hibernate.validator.internal.engine.ConfigurationImpl 180 constraintValidatorFactory - Setting custom ConstraintValidatorFactory of type org.springframework.validation.beanvalidation.SpringConstraintValidatorFactory
14:55:01.234 DEBUG org.hibernate.validator.internal.engine.ConfigurationImpl 194 parameterNameProvider - Setting custom ParameterNameProvider of type org.springframework.validation.beanvalidation.LocalValidatorFactoryBean$1
14:55:01.235 DEBUG org.hibernate.validator.internal.xml.config.ValidationXmlParser 120 getValidationXmlInputStream - Trying to load META-INF/validation.xml for XML based Validator configuration.
14:55:01.235 DEBUG org.hibernate.validator.internal.xml.config.ResourceLoaderHelper 53 getResettableInputStreamForPath - Trying to load META-INF/validation.xml via user class loader
14:55:01.236 DEBUG org.hibernate.validator.internal.xml.config.ResourceLoaderHelper 60 getResettableInputStreamForPath - Trying to load META-INF/validation.xml via TCCL
14:55:01.236 DEBUG org.hibernate.validator.internal.xml.config.ResourceLoaderHelper 66 getResettableInputStreamForPath - Trying to load META-INF/validation.xml via Hibernate Validator's class loader
14:55:01.236 DEBUG org.hibernate.validator.internal.xml.config.ValidationXmlParser 127 getValidationXmlInputStream - No META-INF/validation.xml found. Using annotation based configuration only.
14:55:01.241 DEBUG org.hibernate.validator.internal.engine.ValidatorFactoryImpl 578 logValidatorFactoryScopedConfiguration - HV000234: Using org.springframework.validation.beanvalidation.LocaleContextMessageInterpolator as ValidatorFactory-scoped message interpolator.
14:55:01.241 DEBUG org.hibernate.validator.internal.engine.ValidatorFactoryImpl 579 logValidatorFactoryScopedConfiguration - HV000234: Using org.hibernate.validator.internal.engine.resolver.TraverseAllTraversableResolver as ValidatorFactory-scoped traversable resolver.
14:55:01.242 DEBUG org.hibernate.validator.internal.engine.ValidatorFactoryImpl 580 logValidatorFactoryScopedConfiguration - HV000234: Using org.hibernate.validator.internal.util.ExecutableParameterNameProvider as ValidatorFactory-scoped parameter name provider.
14:55:01.242 DEBUG org.hibernate.validator.internal.engine.ValidatorFactoryImpl 581 logValidatorFactoryScopedConfiguration - HV000234: Using org.hibernate.validator.internal.engine.DefaultClockProvider as ValidatorFactory-scoped clock provider.
14:55:01.242 DEBUG org.hibernate.validator.internal.engine.ValidatorFactoryImpl 582 logValidatorFactoryScopedConfiguration - HV000234: Using org.hibernate.validator.internal.engine.scripting.DefaultScriptEvaluatorFactory as ValidatorFactory-scoped script evaluator factory.
14:55:01.938 INFO  org.apache.juli.logging.DirectJDKLog 173 log - Starting ProtocolHandler ["http-nio-8080"]
14:55:01.966 INFO  org.springframework.boot.StartupInfoLogger 59 logStarted - Started ProductApiApplication in 3.208 seconds (JVM running for 4.111)
14:55:06.036 INFO  org.apache.juli.logging.DirectJDKLog 173 log - Initializing Spring DispatcherServlet 'dispatcherServlet'
15:15:40.873 INFO  org.springframework.boot.StartupInfoLogger 50 logStarting - Starting ProductApiApplication on PC-DF with PID 3688 (D:\WorkspacesIdea\lifeProduct\product-api\target\classes started by Administrator in D:\WorkspacesIdea\lifeProduct)
15:15:40.879 DEBUG org.springframework.boot.StartupInfoLogger 53 logStarting - Running with Spring Boot v2.1.3.RELEASE, Spring v5.1.5.RELEASE
15:15:40.880 INFO  org.springframework.boot.SpringApplication 675 logStartupProfileInfo - No active profile set, falling back to default profiles: default
15:15:40.897 DEBUG org.hibernate.validator.messageinterpolation.ResourceBundleMessageInterpolator 89 buildExpressionFactory - Loaded expression factory via original TCCL
15:15:40.958 DEBUG org.hibernate.validator.internal.engine.ValidatorFactoryImpl 578 logValidatorFactoryScopedConfiguration - HV000234: Using org.hibernate.validator.messageinterpolation.ResourceBundleMessageInterpolator as ValidatorFactory-scoped message interpolator.
15:15:40.971 DEBUG org.hibernate.validator.internal.engine.ValidatorFactoryImpl 579 logValidatorFactoryScopedConfiguration - HV000234: Using org.hibernate.validator.internal.engine.resolver.TraverseAllTraversableResolver as ValidatorFactory-scoped traversable resolver.
15:15:40.971 DEBUG org.hibernate.validator.internal.engine.ValidatorFactoryImpl 580 logValidatorFactoryScopedConfiguration - HV000234: Using org.hibernate.validator.internal.util.ExecutableParameterNameProvider as ValidatorFactory-scoped parameter name provider.
15:15:40.971 DEBUG org.hibernate.validator.internal.engine.ValidatorFactoryImpl 581 logValidatorFactoryScopedConfiguration - HV000234: Using org.hibernate.validator.internal.engine.DefaultClockProvider as ValidatorFactory-scoped clock provider.
15:15:40.971 DEBUG org.hibernate.validator.internal.engine.ValidatorFactoryImpl 582 logValidatorFactoryScopedConfiguration - HV000234: Using org.hibernate.validator.internal.engine.scripting.DefaultScriptEvaluatorFactory as ValidatorFactory-scoped script evaluator factory.
15:15:42.756 INFO  org.apache.juli.logging.DirectJDKLog 173 log - Initializing ProtocolHandler ["http-nio-8080"]
15:15:42.767 INFO  org.apache.juli.logging.DirectJDKLog 173 log - Starting service [Tomcat]
15:15:42.768 INFO  org.apache.juli.logging.DirectJDKLog 173 log - Starting Servlet engine: [Apache Tomcat/9.0.16]
15:15:42.779 INFO  org.apache.juli.logging.DirectJDKLog 173 log - The APR based Apache Tomcat Native library which allows optimal performance in production environments was not found on the java.library.path: [C:\Program Files\Java\jdk1.8.0_112\bin;C:\Windows\Sun\Java\bin;C:\Windows\system32;C:\Windows;C:\ProgramData\Oracle\Java\javapath;C:\Windows\system32;C:\Windows;C:\Windows\System32\Wbem;C:\Windows\System32\WindowsPowerShell\v1.0\;C:\Program Files\Java\jdk1.8.0_112\bin;C:\Program Files\Java\jdk1.8.0_112\jre\bin;D:\Program Files\TortoiseSVN\bin;C:\Windows\system32\config\systemprofile\.dnx\bin;C:\Program Files\Microsoft DNX\Dnvm\;C:\Program Files\Microsoft SQL Server\120\Tools\Binn\;C:\Program Files\Microsoft SQL Server\130\Tools\Binn\;D:\maven\apache-maven-3.3.9\bin;D:\Program Files (x86)\SSH Communications Security\SSH Secure Shell;E:\adt-bundle-windows-x86-20140624\sdk\platform-tools;.]
15:15:42.890 INFO  org.apache.juli.logging.DirectJDKLog 173 log - Initializing Spring embedded WebApplicationContext
15:15:43.025 DEBUG org.hibernate.validator.internal.engine.resolver.TraversableResolvers 60 getDefault - Cannot find javax.persistence.Persistence on classpath. Assuming non JPA 2 environment. All properties will per default be traversable.
15:15:43.026 DEBUG org.hibernate.validator.messageinterpolation.ResourceBundleMessageInterpolator 89 buildExpressionFactory - Loaded expression factory via original TCCL
15:15:43.028 DEBUG org.hibernate.validator.internal.engine.resolver.TraversableResolvers 60 getDefault - Cannot find javax.persistence.Persistence on classpath. Assuming non JPA 2 environment. All properties will per default be traversable.
15:15:43.029 DEBUG org.hibernate.validator.internal.engine.ConfigurationImpl 148 messageInterpolator - Setting custom MessageInterpolator of type org.springframework.validation.beanvalidation.LocaleContextMessageInterpolator
15:15:43.030 DEBUG org.hibernate.validator.internal.engine.ConfigurationImpl 180 constraintValidatorFactory - Setting custom ConstraintValidatorFactory of type org.springframework.validation.beanvalidation.SpringConstraintValidatorFactory
15:15:43.031 DEBUG org.hibernate.validator.internal.engine.ConfigurationImpl 194 parameterNameProvider - Setting custom ParameterNameProvider of type org.springframework.validation.beanvalidation.LocalValidatorFactoryBean$1
15:15:43.032 DEBUG org.hibernate.validator.internal.xml.config.ValidationXmlParser 120 getValidationXmlInputStream - Trying to load META-INF/validation.xml for XML based Validator configuration.
15:15:43.032 DEBUG org.hibernate.validator.internal.xml.config.ResourceLoaderHelper 53 getResettableInputStreamForPath - Trying to load META-INF/validation.xml via user class loader
15:15:43.033 DEBUG org.hibernate.validator.internal.xml.config.ResourceLoaderHelper 60 getResettableInputStreamForPath - Trying to load META-INF/validation.xml via TCCL
15:15:43.033 DEBUG org.hibernate.validator.internal.xml.config.ResourceLoaderHelper 66 getResettableInputStreamForPath - Trying to load META-INF/validation.xml via Hibernate Validator's class loader
15:15:43.033 DEBUG org.hibernate.validator.internal.xml.config.ValidationXmlParser 127 getValidationXmlInputStream - No META-INF/validation.xml found. Using annotation based configuration only.
15:15:43.039 DEBUG org.hibernate.validator.internal.engine.ValidatorFactoryImpl 578 logValidatorFactoryScopedConfiguration - HV000234: Using org.springframework.validation.beanvalidation.LocaleContextMessageInterpolator as ValidatorFactory-scoped message interpolator.
15:15:43.039 DEBUG org.hibernate.validator.internal.engine.ValidatorFactoryImpl 579 logValidatorFactoryScopedConfiguration - HV000234: Using org.hibernate.validator.internal.engine.resolver.TraverseAllTraversableResolver as ValidatorFactory-scoped traversable resolver.
15:15:43.040 DEBUG org.hibernate.validator.internal.engine.ValidatorFactoryImpl 580 logValidatorFactoryScopedConfiguration - HV000234: Using org.hibernate.validator.internal.util.ExecutableParameterNameProvider as ValidatorFactory-scoped parameter name provider.
15:15:43.040 DEBUG org.hibernate.validator.internal.engine.ValidatorFactoryImpl 581 logValidatorFactoryScopedConfiguration - HV000234: Using org.hibernate.validator.internal.engine.DefaultClockProvider as ValidatorFactory-scoped clock provider.
15:15:43.040 DEBUG org.hibernate.validator.internal.engine.ValidatorFactoryImpl 582 logValidatorFactoryScopedConfiguration - HV000234: Using org.hibernate.validator.internal.engine.scripting.DefaultScriptEvaluatorFactory as ValidatorFactory-scoped script evaluator factory.
15:15:43.714 INFO  org.apache.juli.logging.DirectJDKLog 173 log - Starting ProtocolHandler ["http-nio-8080"]
15:15:43.744 INFO  org.springframework.boot.StartupInfoLogger 59 logStarted - Started ProductApiApplication in 3.175 seconds (JVM running for 4.0)
15:15:56.817 INFO  org.apache.juli.logging.DirectJDKLog 173 log - Initializing Spring DispatcherServlet 'dispatcherServlet'
15:17:38.632 INFO  com.lifeshs.product.api.controller.aop.ThirdAOP 41 thirdAround - :test[1551251858632]
15:17:38.634 INFO  com.lifeshs.product.api.controller.aop.ThirdAOP 42 thirdAround - params:[Ljava.lang.Object;@38aa45d9
15:17:42.511 ERROR org.apache.juli.logging.DirectJDKLog 175 log - Servlet.service() for servlet [dispatcherServlet] in context with path [] threw exception [Request processing failed; nested exception is java.lang.ClassCastException: java.lang.String cannot be cast to com.alibaba.fastjson.JSONObject] with root cause
java.lang.ClassCastException: java.lang.String cannot be cast to com.alibaba.fastjson.JSONObject
	at com.lifeshs.product.api.controller.aop.ThirdAOP.thirdAround(ThirdAOP.java:51) ~[classes/:?]
	at sun.reflect.NativeMethodAccessorImpl.invoke0(Native Method) ~[?:1.8.0_112-ea]
	at sun.reflect.NativeMethodAccessorImpl.invoke(NativeMethodAccessorImpl.java:62) ~[?:1.8.0_112-ea]
	at sun.reflect.DelegatingMethodAccessorImpl.invoke(DelegatingMethodAccessorImpl.java:43) ~[?:1.8.0_112-ea]
	at java.lang.reflect.Method.invoke(Method.java:498) ~[?:1.8.0_112-ea]
	at org.springframework.aop.aspectj.AbstractAspectJAdvice.invokeAdviceMethodWithGivenArgs(AbstractAspectJAdvice.java:644) ~[spring-aop-5.1.5.RELEASE.jar:5.1.5.RELEASE]
	at org.springframework.aop.aspectj.AbstractAspectJAdvice.invokeAdviceMethod(AbstractAspectJAdvice.java:633) ~[spring-aop-5.1.5.RELEASE.jar:5.1.5.RELEASE]
	at org.springframework.aop.aspectj.AspectJAroundAdvice.invoke(AspectJAroundAdvice.java:70) ~[spring-aop-5.1.5.RELEASE.jar:5.1.5.RELEASE]
	at org.springframework.aop.framework.ReflectiveMethodInvocation.proceed(ReflectiveMethodInvocation.java:186) ~[spring-aop-5.1.5.RELEASE.jar:5.1.5.RELEASE]
	at org.springframework.aop.interceptor.ExposeInvocationInterceptor.invoke(ExposeInvocationInterceptor.java:93) ~[spring-aop-5.1.5.RELEASE.jar:5.1.5.RELEASE]
	at org.springframework.aop.framework.ReflectiveMethodInvocation.proceed(ReflectiveMethodInvocation.java:186) ~[spring-aop-5.1.5.RELEASE.jar:5.1.5.RELEASE]
	at org.springframework.aop.framework.CglibAopProxy$DynamicAdvisedInterceptor.intercept(CglibAopProxy.java:688) ~[spring-aop-5.1.5.RELEASE.jar:5.1.5.RELEASE]
	at com.lifeshs.product.api.controller.third.Test$$EnhancerBySpringCGLIB$$53aef29.test(<generated>) ~[classes/:?]
	at sun.reflect.NativeMethodAccessorImpl.invoke0(Native Method) ~[?:1.8.0_112-ea]
	at sun.reflect.NativeMethodAccessorImpl.invoke(NativeMethodAccessorImpl.java:62) ~[?:1.8.0_112-ea]
	at sun.reflect.DelegatingMethodAccessorImpl.invoke(DelegatingMethodAccessorImpl.java:43) ~[?:1.8.0_112-ea]
	at java.lang.reflect.Method.invoke(Method.java:498) ~[?:1.8.0_112-ea]
	at org.springframework.web.method.support.InvocableHandlerMethod.doInvoke(InvocableHandlerMethod.java:189) ~[spring-web-5.1.5.RELEASE.jar:5.1.5.RELEASE]
	at org.springframework.web.method.support.InvocableHandlerMethod.invokeForRequest(InvocableHandlerMethod.java:138) ~[spring-web-5.1.5.RELEASE.jar:5.1.5.RELEASE]
	at org.springframework.web.servlet.mvc.method.annotation.ServletInvocableHandlerMethod.invokeAndHandle(ServletInvocableHandlerMethod.java:102) ~[spring-webmvc-5.1.5.RELEASE.jar:5.1.5.RELEASE]
	at org.springframework.web.servlet.mvc.method.annotation.RequestMappingHandlerAdapter.invokeHandlerMethod(RequestMappingHandlerAdapter.java:895) ~[spring-webmvc-5.1.5.RELEASE.jar:5.1.5.RELEASE]
	at org.springframework.web.servlet.mvc.method.annotation.RequestMappingHandlerAdapter.handleInternal(RequestMappingHandlerAdapter.java:800) ~[spring-webmvc-5.1.5.RELEASE.jar:5.1.5.RELEASE]
	at org.springframework.web.servlet.mvc.method.AbstractHandlerMethodAdapter.handle(AbstractHandlerMethodAdapter.java:87) ~[spring-webmvc-5.1.5.RELEASE.jar:5.1.5.RELEASE]
	at org.springframework.web.servlet.DispatcherServlet.doDispatch(DispatcherServlet.java:1038) ~[spring-webmvc-5.1.5.RELEASE.jar:5.1.5.RELEASE]
	at org.springframework.web.servlet.DispatcherServlet.doService(DispatcherServlet.java:942) ~[spring-webmvc-5.1.5.RELEASE.jar:5.1.5.RELEASE]
	at org.springframework.web.servlet.FrameworkServlet.processRequest(FrameworkServlet.java:1005) ~[spring-webmvc-5.1.5.RELEASE.jar:5.1.5.RELEASE]
	at org.springframework.web.servlet.FrameworkServlet.doGet(FrameworkServlet.java:897) ~[spring-webmvc-5.1.5.RELEASE.jar:5.1.5.RELEASE]
	at javax.servlet.http.HttpServlet.service(HttpServlet.java:634) ~[tomcat-embed-core-9.0.16.jar:9.0.16]
	at org.springframework.web.servlet.FrameworkServlet.service(FrameworkServlet.java:882) ~[spring-webmvc-5.1.5.RELEASE.jar:5.1.5.RELEASE]
	at javax.servlet.http.HttpServlet.service(HttpServlet.java:741) ~[tomcat-embed-core-9.0.16.jar:9.0.16]
	at org.apache.catalina.core.ApplicationFilterChain.internalDoFilter(ApplicationFilterChain.java:231) ~[tomcat-embed-core-9.0.16.jar:9.0.16]
	at org.apache.catalina.core.ApplicationFilterChain.doFilter(ApplicationFilterChain.java:166) ~[tomcat-embed-core-9.0.16.jar:9.0.16]
	at org.apache.tomcat.websocket.server.WsFilter.doFilter(WsFilter.java:53) ~[tomcat-embed-websocket-9.0.16.jar:9.0.16]
	at org.apache.catalina.core.ApplicationFilterChain.internalDoFilter(ApplicationFilterChain.java:193) ~[tomcat-embed-core-9.0.16.jar:9.0.16]
	at org.apache.catalina.core.ApplicationFilterChain.doFilter(ApplicationFilterChain.java:166) ~[tomcat-embed-core-9.0.16.jar:9.0.16]
	at org.springframework.web.filter.RequestContextFilter.doFilterInternal(RequestContextFilter.java:99) ~[spring-web-5.1.5.RELEASE.jar:5.1.5.RELEASE]
	at org.springframework.web.filter.OncePerRequestFilter.doFilter(OncePerRequestFilter.java:107) ~[spring-web-5.1.5.RELEASE.jar:5.1.5.RELEASE]
	at org.apache.catalina.core.ApplicationFilterChain.internalDoFilter(ApplicationFilterChain.java:193) ~[tomcat-embed-core-9.0.16.jar:9.0.16]
	at org.apache.catalina.core.ApplicationFilterChain.doFilter(ApplicationFilterChain.java:166) ~[tomcat-embed-core-9.0.16.jar:9.0.16]
	at org.springframework.web.filter.FormContentFilter.doFilterInternal(FormContentFilter.java:92) ~[spring-web-5.1.5.RELEASE.jar:5.1.5.RELEASE]
	at org.springframework.web.filter.OncePerRequestFilter.doFilter(OncePerRequestFilter.java:107) ~[spring-web-5.1.5.RELEASE.jar:5.1.5.RELEASE]
	at org.apache.catalina.core.ApplicationFilterChain.internalDoFilter(ApplicationFilterChain.java:193) ~[tomcat-embed-core-9.0.16.jar:9.0.16]
	at org.apache.catalina.core.ApplicationFilterChain.doFilter(ApplicationFilterChain.java:166) ~[tomcat-embed-core-9.0.16.jar:9.0.16]
	at org.springframework.web.filter.HiddenHttpMethodFilter.doFilterInternal(HiddenHttpMethodFilter.java:93) ~[spring-web-5.1.5.RELEASE.jar:5.1.5.RELEASE]
	at org.springframework.web.filter.OncePerRequestFilter.doFilter(OncePerRequestFilter.java:107) ~[spring-web-5.1.5.RELEASE.jar:5.1.5.RELEASE]
	at org.apache.catalina.core.ApplicationFilterChain.internalDoFilter(ApplicationFilterChain.java:193) ~[tomcat-embed-core-9.0.16.jar:9.0.16]
	at org.apache.catalina.core.ApplicationFilterChain.doFilter(ApplicationFilterChain.java:166) ~[tomcat-embed-core-9.0.16.jar:9.0.16]
	at org.springframework.web.filter.CharacterEncodingFilter.doFilterInternal(CharacterEncodingFilter.java:200) ~[spring-web-5.1.5.RELEASE.jar:5.1.5.RELEASE]
	at org.springframework.web.filter.OncePerRequestFilter.doFilter(OncePerRequestFilter.java:107) ~[spring-web-5.1.5.RELEASE.jar:5.1.5.RELEASE]
	at org.apache.catalina.core.ApplicationFilterChain.internalDoFilter(ApplicationFilterChain.java:193) ~[tomcat-embed-core-9.0.16.jar:9.0.16]
	at org.apache.catalina.core.ApplicationFilterChain.doFilter(ApplicationFilterChain.java:166) ~[tomcat-embed-core-9.0.16.jar:9.0.16]
	at org.apache.catalina.core.StandardWrapperValve.invoke(StandardWrapperValve.java:200) [tomcat-embed-core-9.0.16.jar:9.0.16]
	at org.apache.catalina.core.StandardContextValve.invoke(StandardContextValve.java:96) [tomcat-embed-core-9.0.16.jar:9.0.16]
	at org.apache.catalina.authenticator.AuthenticatorBase.invoke(AuthenticatorBase.java:490) [tomcat-embed-core-9.0.16.jar:9.0.16]
	at org.apache.catalina.core.StandardHostValve.invoke(StandardHostValve.java:139) [tomcat-embed-core-9.0.16.jar:9.0.16]
	at org.apache.catalina.valves.ErrorReportValve.invoke(ErrorReportValve.java:92) [tomcat-embed-core-9.0.16.jar:9.0.16]
	at org.apache.catalina.core.StandardEngineValve.invoke(StandardEngineValve.java:74) [tomcat-embed-core-9.0.16.jar:9.0.16]
	at org.apache.catalina.connector.CoyoteAdapter.service(CoyoteAdapter.java:343) [tomcat-embed-core-9.0.16.jar:9.0.16]
	at org.apache.coyote.http11.Http11Processor.service(Http11Processor.java:408) [tomcat-embed-core-9.0.16.jar:9.0.16]
	at org.apache.coyote.AbstractProcessorLight.process(AbstractProcessorLight.java:66) [tomcat-embed-core-9.0.16.jar:9.0.16]
	at org.apache.coyote.AbstractProtocol$ConnectionHandler.process(AbstractProtocol.java:834) [tomcat-embed-core-9.0.16.jar:9.0.16]
	at org.apache.tomcat.util.net.NioEndpoint$SocketProcessor.doRun(NioEndpoint.java:1415) [tomcat-embed-core-9.0.16.jar:9.0.16]
	at org.apache.tomcat.util.net.SocketProcessorBase.run(SocketProcessorBase.java:49) [tomcat-embed-core-9.0.16.jar:9.0.16]
	at java.util.concurrent.ThreadPoolExecutor.runWorker(ThreadPoolExecutor.java:1142) [?:1.8.0_112-ea]
	at java.util.concurrent.ThreadPoolExecutor$Worker.run(ThreadPoolExecutor.java:617) [?:1.8.0_112-ea]
	at org.apache.tomcat.util.threads.TaskThread$WrappingRunnable.run(TaskThread.java:61) [tomcat-embed-core-9.0.16.jar:9.0.16]
	at java.lang.Thread.run(Thread.java:745) [?:1.8.0_112-ea]
15:20:21.029 INFO  org.springframework.boot.StartupInfoLogger 50 logStarting - Starting ProductApiApplication on PC-DF with PID 5816 (D:\WorkspacesIdea\lifeProduct\product-api\target\classes started by Administrator in D:\WorkspacesIdea\lifeProduct)
15:20:21.036 DEBUG org.springframework.boot.StartupInfoLogger 53 logStarting - Running with Spring Boot v2.1.3.RELEASE, Spring v5.1.5.RELEASE
15:20:21.037 INFO  org.springframework.boot.SpringApplication 675 logStartupProfileInfo - No active profile set, falling back to default profiles: default
15:20:21.162 DEBUG org.hibernate.validator.messageinterpolation.ResourceBundleMessageInterpolator 89 buildExpressionFactory - Loaded expression factory via original TCCL
15:20:21.169 DEBUG org.hibernate.validator.internal.engine.ValidatorFactoryImpl 578 logValidatorFactoryScopedConfiguration - HV000234: Using org.hibernate.validator.messageinterpolation.ResourceBundleMessageInterpolator as ValidatorFactory-scoped message interpolator.
15:20:21.169 DEBUG org.hibernate.validator.internal.engine.ValidatorFactoryImpl 579 logValidatorFactoryScopedConfiguration - HV000234: Using org.hibernate.validator.internal.engine.resolver.TraverseAllTraversableResolver as ValidatorFactory-scoped traversable resolver.
15:20:21.169 DEBUG org.hibernate.validator.internal.engine.ValidatorFactoryImpl 580 logValidatorFactoryScopedConfiguration - HV000234: Using org.hibernate.validator.internal.util.ExecutableParameterNameProvider as ValidatorFactory-scoped parameter name provider.
15:20:21.169 DEBUG org.hibernate.validator.internal.engine.ValidatorFactoryImpl 581 logValidatorFactoryScopedConfiguration - HV000234: Using org.hibernate.validator.internal.engine.DefaultClockProvider as ValidatorFactory-scoped clock provider.
15:20:21.170 DEBUG org.hibernate.validator.internal.engine.ValidatorFactoryImpl 582 logValidatorFactoryScopedConfiguration - HV000234: Using org.hibernate.validator.internal.engine.scripting.DefaultScriptEvaluatorFactory as ValidatorFactory-scoped script evaluator factory.
15:20:22.861 INFO  org.apache.juli.logging.DirectJDKLog 173 log - Initializing ProtocolHandler ["http-nio-8080"]
15:20:22.871 INFO  org.apache.juli.logging.DirectJDKLog 173 log - Starting service [Tomcat]
15:20:22.872 INFO  org.apache.juli.logging.DirectJDKLog 173 log - Starting Servlet engine: [Apache Tomcat/9.0.16]
15:20:22.884 INFO  org.apache.juli.logging.DirectJDKLog 173 log - The APR based Apache Tomcat Native library which allows optimal performance in production environments was not found on the java.library.path: [C:\Program Files\Java\jdk1.8.0_112\bin;C:\Windows\Sun\Java\bin;C:\Windows\system32;C:\Windows;C:\ProgramData\Oracle\Java\javapath;C:\Windows\system32;C:\Windows;C:\Windows\System32\Wbem;C:\Windows\System32\WindowsPowerShell\v1.0\;C:\Program Files\Java\jdk1.8.0_112\bin;C:\Program Files\Java\jdk1.8.0_112\jre\bin;D:\Program Files\TortoiseSVN\bin;C:\Windows\system32\config\systemprofile\.dnx\bin;C:\Program Files\Microsoft DNX\Dnvm\;C:\Program Files\Microsoft SQL Server\120\Tools\Binn\;C:\Program Files\Microsoft SQL Server\130\Tools\Binn\;D:\maven\apache-maven-3.3.9\bin;D:\Program Files (x86)\SSH Communications Security\SSH Secure Shell;E:\adt-bundle-windows-x86-20140624\sdk\platform-tools;.]
15:20:22.987 INFO  org.apache.juli.logging.DirectJDKLog 173 log - Initializing Spring embedded WebApplicationContext
15:20:23.109 DEBUG org.hibernate.validator.internal.engine.resolver.TraversableResolvers 60 getDefault - Cannot find javax.persistence.Persistence on classpath. Assuming non JPA 2 environment. All properties will per default be traversable.
15:20:23.110 DEBUG org.hibernate.validator.messageinterpolation.ResourceBundleMessageInterpolator 89 buildExpressionFactory - Loaded expression factory via original TCCL
15:20:23.112 DEBUG org.hibernate.validator.internal.engine.resolver.TraversableResolvers 60 getDefault - Cannot find javax.persistence.Persistence on classpath. Assuming non JPA 2 environment. All properties will per default be traversable.
15:20:23.114 DEBUG org.hibernate.validator.internal.engine.ConfigurationImpl 148 messageInterpolator - Setting custom MessageInterpolator of type org.springframework.validation.beanvalidation.LocaleContextMessageInterpolator
15:20:23.114 DEBUG org.hibernate.validator.internal.engine.ConfigurationImpl 180 constraintValidatorFactory - Setting custom ConstraintValidatorFactory of type org.springframework.validation.beanvalidation.SpringConstraintValidatorFactory
15:20:23.115 DEBUG org.hibernate.validator.internal.engine.ConfigurationImpl 194 parameterNameProvider - Setting custom ParameterNameProvider of type org.springframework.validation.beanvalidation.LocalValidatorFactoryBean$1
15:20:23.117 DEBUG org.hibernate.validator.internal.xml.config.ValidationXmlParser 120 getValidationXmlInputStream - Trying to load META-INF/validation.xml for XML based Validator configuration.
15:20:23.118 DEBUG org.hibernate.validator.internal.xml.config.ResourceLoaderHelper 53 getResettableInputStreamForPath - Trying to load META-INF/validation.xml via user class loader
15:20:23.118 DEBUG org.hibernate.validator.internal.xml.config.ResourceLoaderHelper 60 getResettableInputStreamForPath - Trying to load META-INF/validation.xml via TCCL
15:20:23.119 DEBUG org.hibernate.validator.internal.xml.config.ResourceLoaderHelper 66 getResettableInputStreamForPath - Trying to load META-INF/validation.xml via Hibernate Validator's class loader
15:20:23.119 DEBUG org.hibernate.validator.internal.xml.config.ValidationXmlParser 127 getValidationXmlInputStream - No META-INF/validation.xml found. Using annotation based configuration only.
15:20:23.126 DEBUG org.hibernate.validator.internal.engine.ValidatorFactoryImpl 578 logValidatorFactoryScopedConfiguration - HV000234: Using org.springframework.validation.beanvalidation.LocaleContextMessageInterpolator as ValidatorFactory-scoped message interpolator.
15:20:23.126 DEBUG org.hibernate.validator.internal.engine.ValidatorFactoryImpl 579 logValidatorFactoryScopedConfiguration - HV000234: Using org.hibernate.validator.internal.engine.resolver.TraverseAllTraversableResolver as ValidatorFactory-scoped traversable resolver.
15:20:23.126 DEBUG org.hibernate.validator.internal.engine.ValidatorFactoryImpl 580 logValidatorFactoryScopedConfiguration - HV000234: Using org.hibernate.validator.internal.util.ExecutableParameterNameProvider as ValidatorFactory-scoped parameter name provider.
15:20:23.126 DEBUG org.hibernate.validator.internal.engine.ValidatorFactoryImpl 581 logValidatorFactoryScopedConfiguration - HV000234: Using org.hibernate.validator.internal.engine.DefaultClockProvider as ValidatorFactory-scoped clock provider.
15:20:23.127 DEBUG org.hibernate.validator.internal.engine.ValidatorFactoryImpl 582 logValidatorFactoryScopedConfiguration - HV000234: Using org.hibernate.validator.internal.engine.scripting.DefaultScriptEvaluatorFactory as ValidatorFactory-scoped script evaluator factory.
15:20:23.808 INFO  org.apache.juli.logging.DirectJDKLog 173 log - Starting ProtocolHandler ["http-nio-8080"]
15:20:23.839 INFO  org.springframework.boot.StartupInfoLogger 59 logStarted - Started ProductApiApplication in 3.143 seconds (JVM running for 3.965)
15:20:35.228 INFO  org.apache.juli.logging.DirectJDKLog 173 log - Initializing Spring DispatcherServlet 'dispatcherServlet'
15:20:35.281 INFO  com.lifeshs.product.api.controller.aop.ThirdAOP 41 thirdAround - :test[1551252035281]
15:20:35.282 INFO  com.lifeshs.product.api.controller.aop.ThirdAOP 42 thirdAround - params:[Ljava.lang.Object;@3f6c9cef
15:20:35.287 INFO  com.lifeshs.product.api.controller.aop.ThirdAOP 53 thirdAround - :Hello world !
15:20:35.287 INFO  com.lifeshs.product.api.controller.aop.ThirdAOP 54 thirdAround - :7

15:21:46.529 INFO  org.springframework.boot.StartupInfoLogger 50 logStarting - Starting ProductApiApplication on PC-DF with PID 3240 (D:\WorkspacesIdea\lifeProduct\product-api\target\classes started by Administrator in D:\WorkspacesIdea\lifeProduct)
15:21:46.537 DEBUG org.springframework.boot.StartupInfoLogger 53 logStarting - Running with Spring Boot v2.1.3.RELEASE, Spring v5.1.5.RELEASE
15:21:46.538 INFO  org.springframework.boot.SpringApplication 675 logStartupProfileInfo - No active profile set, falling back to default profiles: default
15:21:46.619 DEBUG org.hibernate.validator.messageinterpolation.ResourceBundleMessageInterpolator 89 buildExpressionFactory - Loaded expression factory via original TCCL
15:21:46.626 DEBUG org.hibernate.validator.internal.engine.ValidatorFactoryImpl 578 logValidatorFactoryScopedConfiguration - HV000234: Using org.hibernate.validator.messageinterpolation.ResourceBundleMessageInterpolator as ValidatorFactory-scoped message interpolator.
15:21:46.626 DEBUG org.hibernate.validator.internal.engine.ValidatorFactoryImpl 579 logValidatorFactoryScopedConfiguration - HV000234: Using org.hibernate.validator.internal.engine.resolver.TraverseAllTraversableResolver as ValidatorFactory-scoped traversable resolver.
15:21:46.627 DEBUG org.hibernate.validator.internal.engine.ValidatorFactoryImpl 580 logValidatorFactoryScopedConfiguration - HV000234: Using org.hibernate.validator.internal.util.ExecutableParameterNameProvider as ValidatorFactory-scoped parameter name provider.
15:21:46.627 DEBUG org.hibernate.validator.internal.engine.ValidatorFactoryImpl 581 logValidatorFactoryScopedConfiguration - HV000234: Using org.hibernate.validator.internal.engine.DefaultClockProvider as ValidatorFactory-scoped clock provider.
15:21:46.627 DEBUG org.hibernate.validator.internal.engine.ValidatorFactoryImpl 582 logValidatorFactoryScopedConfiguration - HV000234: Using org.hibernate.validator.internal.engine.scripting.DefaultScriptEvaluatorFactory as ValidatorFactory-scoped script evaluator factory.
15:21:48.274 INFO  org.apache.juli.logging.DirectJDKLog 173 log - Initializing ProtocolHandler ["http-nio-8080"]
15:21:48.284 INFO  org.apache.juli.logging.DirectJDKLog 173 log - Starting service [Tomcat]
15:21:48.285 INFO  org.apache.juli.logging.DirectJDKLog 173 log - Starting Servlet engine: [Apache Tomcat/9.0.16]
15:21:48.297 INFO  org.apache.juli.logging.DirectJDKLog 173 log - The APR based Apache Tomcat Native library which allows optimal performance in production environments was not found on the java.library.path: [C:\Program Files\Java\jdk1.8.0_112\bin;C:\Windows\Sun\Java\bin;C:\Windows\system32;C:\Windows;C:\ProgramData\Oracle\Java\javapath;C:\Windows\system32;C:\Windows;C:\Windows\System32\Wbem;C:\Windows\System32\WindowsPowerShell\v1.0\;C:\Program Files\Java\jdk1.8.0_112\bin;C:\Program Files\Java\jdk1.8.0_112\jre\bin;D:\Program Files\TortoiseSVN\bin;C:\Windows\system32\config\systemprofile\.dnx\bin;C:\Program Files\Microsoft DNX\Dnvm\;C:\Program Files\Microsoft SQL Server\120\Tools\Binn\;C:\Program Files\Microsoft SQL Server\130\Tools\Binn\;D:\maven\apache-maven-3.3.9\bin;D:\Program Files (x86)\SSH Communications Security\SSH Secure Shell;E:\adt-bundle-windows-x86-20140624\sdk\platform-tools;.]
15:21:48.407 INFO  org.apache.juli.logging.DirectJDKLog 173 log - Initializing Spring embedded WebApplicationContext
15:21:48.530 DEBUG org.hibernate.validator.internal.engine.resolver.TraversableResolvers 60 getDefault - Cannot find javax.persistence.Persistence on classpath. Assuming non JPA 2 environment. All properties will per default be traversable.
15:21:48.530 DEBUG org.hibernate.validator.messageinterpolation.ResourceBundleMessageInterpolator 89 buildExpressionFactory - Loaded expression factory via original TCCL
15:21:48.532 DEBUG org.hibernate.validator.internal.engine.resolver.TraversableResolvers 60 getDefault - Cannot find javax.persistence.Persistence on classpath. Assuming non JPA 2 environment. All properties will per default be traversable.
15:21:48.533 DEBUG org.hibernate.validator.internal.engine.ConfigurationImpl 148 messageInterpolator - Setting custom MessageInterpolator of type org.springframework.validation.beanvalidation.LocaleContextMessageInterpolator
15:21:48.533 DEBUG org.hibernate.validator.internal.engine.ConfigurationImpl 180 constraintValidatorFactory - Setting custom ConstraintValidatorFactory of type org.springframework.validation.beanvalidation.SpringConstraintValidatorFactory
15:21:48.534 DEBUG org.hibernate.validator.internal.engine.ConfigurationImpl 194 parameterNameProvider - Setting custom ParameterNameProvider of type org.springframework.validation.beanvalidation.LocalValidatorFactoryBean$1
15:21:48.535 DEBUG org.hibernate.validator.internal.xml.config.ValidationXmlParser 120 getValidationXmlInputStream - Trying to load META-INF/validation.xml for XML based Validator configuration.
15:21:48.535 DEBUG org.hibernate.validator.internal.xml.config.ResourceLoaderHelper 53 getResettableInputStreamForPath - Trying to load META-INF/validation.xml via user class loader
15:21:48.536 DEBUG org.hibernate.validator.internal.xml.config.ResourceLoaderHelper 60 getResettableInputStreamForPath - Trying to load META-INF/validation.xml via TCCL
15:21:48.536 DEBUG org.hibernate.validator.internal.xml.config.ResourceLoaderHelper 66 getResettableInputStreamForPath - Trying to load META-INF/validation.xml via Hibernate Validator's class loader
15:21:48.536 DEBUG org.hibernate.validator.internal.xml.config.ValidationXmlParser 127 getValidationXmlInputStream - No META-INF/validation.xml found. Using annotation based configuration only.
15:21:48.541 DEBUG org.hibernate.validator.internal.engine.ValidatorFactoryImpl 578 logValidatorFactoryScopedConfiguration - HV000234: Using org.springframework.validation.beanvalidation.LocaleContextMessageInterpolator as ValidatorFactory-scoped message interpolator.
15:21:48.541 DEBUG org.hibernate.validator.internal.engine.ValidatorFactoryImpl 579 logValidatorFactoryScopedConfiguration - HV000234: Using org.hibernate.validator.internal.engine.resolver.TraverseAllTraversableResolver as ValidatorFactory-scoped traversable resolver.
15:21:48.542 DEBUG org.hibernate.validator.internal.engine.ValidatorFactoryImpl 580 logValidatorFactoryScopedConfiguration - HV000234: Using org.hibernate.validator.internal.util.ExecutableParameterNameProvider as ValidatorFactory-scoped parameter name provider.
15:21:48.542 DEBUG org.hibernate.validator.internal.engine.ValidatorFactoryImpl 581 logValidatorFactoryScopedConfiguration - HV000234: Using org.hibernate.validator.internal.engine.DefaultClockProvider as ValidatorFactory-scoped clock provider.
15:21:48.542 DEBUG org.hibernate.validator.internal.engine.ValidatorFactoryImpl 582 logValidatorFactoryScopedConfiguration - HV000234: Using org.hibernate.validator.internal.engine.scripting.DefaultScriptEvaluatorFactory as ValidatorFactory-scoped script evaluator factory.
15:21:49.182 INFO  org.apache.juli.logging.DirectJDKLog 173 log - Starting ProtocolHandler ["http-nio-8080"]
15:21:49.211 INFO  org.springframework.boot.StartupInfoLogger 59 logStarted - Started ProductApiApplication in 3.023 seconds (JVM running for 3.85)
15:22:00.252 INFO  org.apache.juli.logging.DirectJDKLog 173 log - Initializing Spring DispatcherServlet 'dispatcherServlet'
15:22:10.377 INFO  com.lifeshs.product.api.controller.aop.ThirdAOP 41 thirdAround - :test[1551252130377]
15:22:10.378 INFO  com.lifeshs.product.api.controller.aop.ThirdAOP 42 thirdAround - params:[Ljava.lang.Object;@614a639c
15:22:10.402 INFO  com.lifeshs.product.api.controller.aop.ThirdAOP 53 thirdAround - :Hello world !
15:22:10.402 INFO  com.lifeshs.product.api.controller.aop.ThirdAOP 54 thirdAround - :10088

15:23:37.570 INFO  com.lifeshs.product.api.controller.aop.ThirdAOP 41 thirdAround - :test[1551252217569]
15:23:37.571 INFO  com.lifeshs.product.api.controller.aop.ThirdAOP 42 thirdAround - params:[Ljava.lang.Object;@297ffff3
15:23:37.572 INFO  com.lifeshs.product.api.controller.aop.ThirdAOP 53 thirdAround - :Hello world !
15:23:37.573 INFO  com.lifeshs.product.api.controller.aop.ThirdAOP 54 thirdAround - :50855

15:24:21.442 INFO  com.lifeshs.product.api.controller.aop.ThirdAOP 41 thirdAround - :test[1551252261442]
15:24:21.444 INFO  com.lifeshs.product.api.controller.aop.ThirdAOP 42 thirdAround - params:[Ljava.lang.Object;@17b0954e
15:24:21.444 INFO  com.lifeshs.product.api.controller.aop.ThirdAOP 53 thirdAround - :Hello world !
15:24:21.445 INFO  com.lifeshs.product.api.controller.aop.ThirdAOP 54 thirdAround - :35845

15:25:08.357 INFO  org.springframework.boot.StartupInfoLogger 50 logStarting - Starting ProductApiApplication on PC-DF with PID 5248 (D:\WorkspacesIdea\lifeProduct\product-api\target\classes started by Administrator in D:\WorkspacesIdea\lifeProduct)
15:25:08.363 DEBUG org.springframework.boot.StartupInfoLogger 53 logStarting - Running with Spring Boot v2.1.3.RELEASE, Spring v5.1.5.RELEASE
15:25:08.364 INFO  org.springframework.boot.SpringApplication 675 logStartupProfileInfo - No active profile set, falling back to default profiles: default
15:25:08.432 DEBUG org.hibernate.validator.messageinterpolation.ResourceBundleMessageInterpolator 89 buildExpressionFactory - Loaded expression factory via original TCCL
15:25:08.438 DEBUG org.hibernate.validator.internal.engine.ValidatorFactoryImpl 578 logValidatorFactoryScopedConfiguration - HV000234: Using org.hibernate.validator.messageinterpolation.ResourceBundleMessageInterpolator as ValidatorFactory-scoped message interpolator.
15:25:08.438 DEBUG org.hibernate.validator.internal.engine.ValidatorFactoryImpl 579 logValidatorFactoryScopedConfiguration - HV000234: Using org.hibernate.validator.internal.engine.resolver.TraverseAllTraversableResolver as ValidatorFactory-scoped traversable resolver.
15:25:08.438 DEBUG org.hibernate.validator.internal.engine.ValidatorFactoryImpl 580 logValidatorFactoryScopedConfiguration - HV000234: Using org.hibernate.validator.internal.util.ExecutableParameterNameProvider as ValidatorFactory-scoped parameter name provider.
15:25:08.438 DEBUG org.hibernate.validator.internal.engine.ValidatorFactoryImpl 581 logValidatorFactoryScopedConfiguration - HV000234: Using org.hibernate.validator.internal.engine.DefaultClockProvider as ValidatorFactory-scoped clock provider.
15:25:08.438 DEBUG org.hibernate.validator.internal.engine.ValidatorFactoryImpl 582 logValidatorFactoryScopedConfiguration - HV000234: Using org.hibernate.validator.internal.engine.scripting.DefaultScriptEvaluatorFactory as ValidatorFactory-scoped script evaluator factory.
15:25:10.109 INFO  org.apache.juli.logging.DirectJDKLog 173 log - Initializing ProtocolHandler ["http-nio-8080"]
15:25:10.120 INFO  org.apache.juli.logging.DirectJDKLog 173 log - Starting service [Tomcat]
15:25:10.121 INFO  org.apache.juli.logging.DirectJDKLog 173 log - Starting Servlet engine: [Apache Tomcat/9.0.16]
15:25:10.136 INFO  org.apache.juli.logging.DirectJDKLog 173 log - The APR based Apache Tomcat Native library which allows optimal performance in production environments was not found on the java.library.path: [C:\Program Files\Java\jdk1.8.0_112\bin;C:\Windows\Sun\Java\bin;C:\Windows\system32;C:\Windows;C:\ProgramData\Oracle\Java\javapath;C:\Windows\system32;C:\Windows;C:\Windows\System32\Wbem;C:\Windows\System32\WindowsPowerShell\v1.0\;C:\Program Files\Java\jdk1.8.0_112\bin;C:\Program Files\Java\jdk1.8.0_112\jre\bin;D:\Program Files\TortoiseSVN\bin;C:\Windows\system32\config\systemprofile\.dnx\bin;C:\Program Files\Microsoft DNX\Dnvm\;C:\Program Files\Microsoft SQL Server\120\Tools\Binn\;C:\Program Files\Microsoft SQL Server\130\Tools\Binn\;D:\maven\apache-maven-3.3.9\bin;D:\Program Files (x86)\SSH Communications Security\SSH Secure Shell;E:\adt-bundle-windows-x86-20140624\sdk\platform-tools;.]
15:25:10.248 INFO  org.apache.juli.logging.DirectJDKLog 173 log - Initializing Spring embedded WebApplicationContext
15:25:10.368 DEBUG org.hibernate.validator.internal.engine.resolver.TraversableResolvers 60 getDefault - Cannot find javax.persistence.Persistence on classpath. Assuming non JPA 2 environment. All properties will per default be traversable.
15:25:10.369 DEBUG org.hibernate.validator.messageinterpolation.ResourceBundleMessageInterpolator 89 buildExpressionFactory - Loaded expression factory via original TCCL
15:25:10.372 DEBUG org.hibernate.validator.internal.engine.resolver.TraversableResolvers 60 getDefault - Cannot find javax.persistence.Persistence on classpath. Assuming non JPA 2 environment. All properties will per default be traversable.
15:25:10.373 DEBUG org.hibernate.validator.internal.engine.ConfigurationImpl 148 messageInterpolator - Setting custom MessageInterpolator of type org.springframework.validation.beanvalidation.LocaleContextMessageInterpolator
15:25:10.373 DEBUG org.hibernate.validator.internal.engine.ConfigurationImpl 180 constraintValidatorFactory - Setting custom ConstraintValidatorFactory of type org.springframework.validation.beanvalidation.SpringConstraintValidatorFactory
15:25:10.374 DEBUG org.hibernate.validator.internal.engine.ConfigurationImpl 194 parameterNameProvider - Setting custom ParameterNameProvider of type org.springframework.validation.beanvalidation.LocalValidatorFactoryBean$1
15:25:10.375 DEBUG org.hibernate.validator.internal.xml.config.ValidationXmlParser 120 getValidationXmlInputStream - Trying to load META-INF/validation.xml for XML based Validator configuration.
15:25:10.375 DEBUG org.hibernate.validator.internal.xml.config.ResourceLoaderHelper 53 getResettableInputStreamForPath - Trying to load META-INF/validation.xml via user class loader
15:25:10.376 DEBUG org.hibernate.validator.internal.xml.config.ResourceLoaderHelper 60 getResettableInputStreamForPath - Trying to load META-INF/validation.xml via TCCL
15:25:10.376 DEBUG org.hibernate.validator.internal.xml.config.ResourceLoaderHelper 66 getResettableInputStreamForPath - Trying to load META-INF/validation.xml via Hibernate Validator's class loader
15:25:10.376 DEBUG org.hibernate.validator.internal.xml.config.ValidationXmlParser 127 getValidationXmlInputStream - No META-INF/validation.xml found. Using annotation based configuration only.
15:25:10.380 DEBUG org.hibernate.validator.internal.engine.ValidatorFactoryImpl 578 logValidatorFactoryScopedConfiguration - HV000234: Using org.springframework.validation.beanvalidation.LocaleContextMessageInterpolator as ValidatorFactory-scoped message interpolator.
15:25:10.380 DEBUG org.hibernate.validator.internal.engine.ValidatorFactoryImpl 579 logValidatorFactoryScopedConfiguration - HV000234: Using org.hibernate.validator.internal.engine.resolver.TraverseAllTraversableResolver as ValidatorFactory-scoped traversable resolver.
15:25:10.380 DEBUG org.hibernate.validator.internal.engine.ValidatorFactoryImpl 580 logValidatorFactoryScopedConfiguration - HV000234: Using org.hibernate.validator.internal.util.ExecutableParameterNameProvider as ValidatorFactory-scoped parameter name provider.
15:25:10.380 DEBUG org.hibernate.validator.internal.engine.ValidatorFactoryImpl 581 logValidatorFactoryScopedConfiguration - HV000234: Using org.hibernate.validator.internal.engine.DefaultClockProvider as ValidatorFactory-scoped clock provider.
15:25:10.380 DEBUG org.hibernate.validator.internal.engine.ValidatorFactoryImpl 582 logValidatorFactoryScopedConfiguration - HV000234: Using org.hibernate.validator.internal.engine.scripting.DefaultScriptEvaluatorFactory as ValidatorFactory-scoped script evaluator factory.
15:25:11.024 INFO  org.apache.juli.logging.DirectJDKLog 173 log - Starting ProtocolHandler ["http-nio-8080"]
15:25:11.058 INFO  org.springframework.boot.StartupInfoLogger 59 logStarted - Started ProductApiApplication in 3.066 seconds (JVM running for 3.991)
15:25:15.243 INFO  org.apache.juli.logging.DirectJDKLog 173 log - Initializing Spring DispatcherServlet 'dispatcherServlet'
15:25:15.302 INFO  com.lifeshs.product.api.controller.aop.ThirdAOP 41 thirdAround - :test[1551252315302]
15:25:15.302 INFO  com.lifeshs.product.api.controller.aop.ThirdAOP 42 thirdAround - params:[Ljava.lang.Object;@1e0419a1
15:25:15.308 INFO  com.lifeshs.product.api.controller.aop.ThirdAOP 53 thirdAround - :1 :5  , 2 :6
15:25:15.309 INFO  com.lifeshs.product.api.controller.aop.ThirdAOP 54 thirdAround - :9

15:25:22.303 INFO  com.lifeshs.product.api.controller.aop.ThirdAOP 41 thirdAround - :test[1551252322303]
15:25:22.304 INFO  com.lifeshs.product.api.controller.aop.ThirdAOP 42 thirdAround - params:[Ljava.lang.Object;@17c2b133
15:25:22.306 INFO  com.lifeshs.product.api.controller.aop.ThirdAOP 53 thirdAround - :1 :null  , 2 :6
15:25:22.307 INFO  com.lifeshs.product.api.controller.aop.ThirdAOP 54 thirdAround - :4

15:25:38.318 INFO  com.lifeshs.product.api.controller.aop.ThirdAOP 41 thirdAround - :test[1551252338318]
15:25:38.319 INFO  com.lifeshs.product.api.controller.aop.ThirdAOP 42 thirdAround - params:[Ljava.lang.Object;@34ba59ca
15:25:38.321 INFO  com.lifeshs.product.api.controller.aop.ThirdAOP 53 thirdAround - :1 :null  , 2 :null
15:25:38.322 INFO  com.lifeshs.product.api.controller.aop.ThirdAOP 54 thirdAround - :4

